<?xml version="1.0" encoding="UTF-8"?>
<testsuite name="com.example.demo.BackendApplicationTests" tests="1" skipped="0" failures="0" errors="0" timestamp="2026-01-14T07:41:01.482Z" hostname="DESKTOP-UQKDOK5" time="0.619">
  <properties/>
  <testcase name="contextLoads()" classname="com.example.demo.BackendApplicationTests" time="0.619"/>
  <system-out><![CDATA[16:40:58.535 [Test worker] INFO org.springframework.test.context.support.AnnotationConfigContextLoaderUtils -- Could not detect default configuration classes for test class [com.example.demo.BackendApplicationTests]: BackendApplicationTests does not declare any static, non-private, non-final, nested classes annotated with @Configuration.
16:40:58.660 [Test worker] INFO org.springframework.boot.test.context.SpringBootTestContextBootstrapper -- Found @SpringBootConfiguration com.example.demo.BackendApplication for test class com.example.demo.BackendApplicationTests

  .   ____          _            __ _ _
 /\\ / ___'_ __ _ _(_)_ __  __ _ \ \ \ \
( ( )\___ | '_ | '_| | '_ \/ _` | \ \ \ \
 \\/  ___)| |_)| | | | | || (_| |  ) ) ) )
  '  |____| .__|_| |_|_| |_\__, | / / / /
 =========|_|==============|___/=/_/_/_/

 :: Spring Boot ::                (v3.5.9)

?[32m16:40:59.141?[0;39m ?[34mINFO ?[0;39m ?[31m[Test worker]?[0;39m ?[33mc.e.d.BackendApplicationTests:53?[0;39m-Starting BackendApplicationTests using Java 21.0.9 with PID 11904 (started by kosmo in D:\makcoding\08Spring-Security\OAuth-Login\login-step2\backend)
?[32m16:40:59.142?[0;39m ?[34mINFO ?[0;39m ?[31m[Test worker]?[0;39m ?[33mc.e.d.BackendApplicationTests:652?[0;39m-No active profile set, falling back to 1 default profile: "default"
?[32m16:40:59.930?[0;39m ?[34mWARN ?[0;39m ?[31m[Test worker]?[0;39m ?[33mo.m.s.m.ClassPathMapperScanner:44?[0;39m-No MyBatis mapper was found in '[com.example.demo]' package. Please check your configuration.
?[32m16:41:00.315?[0;39m ?[34mINFO ?[0;39m ?[31m[Test worker]?[0;39m ?[33mc.z.h.HikariDataSource:79?[0;39m-oraPool - Starting...
?[32m16:41:00.593?[0;39m ?[34mINFO ?[0;39m ?[31m[Test worker]?[0;39m ?[33mc.z.h.p.HikariPool:580?[0;39m-oraPool - Added connection oracle.jdbc.driver.T4CConnection@255d9277
?[32m16:41:00.595?[0;39m ?[34mINFO ?[0;39m ?[31m[Test worker]?[0;39m ?[33mc.z.h.HikariDataSource:81?[0;39m-oraPool - Start completed.
?[32m16:41:00.598?[0;39m ?[34mINFO ?[0;39m ?[31m[Test worker]?[0;39m ?[33mc.e.d.c.DatabaseConfiguration:37?[0;39m-datasource : HikariDataSource (oraPool)
?[32m16:41:00.891?[0;39m ?[34mTRACE?[0;39m ?[31m[Test worker]?[0;39m ?[33mo.s.s.c.a.a.c.AuthenticationConfiguration$EnableGlobalAuthenticationAutowiredConfigurer:215?[0;39m-Eagerly initializing {org.springframework.boot.autoconfigure.security.servlet.SpringBootWebSecurityConfiguration$WebSecurityEnablerConfiguration=org.springframework.boot.autoconfigure.security.servlet.SpringBootWebSecurityConfiguration$WebSecurityEnablerConfiguration@5e51ec2e}
?[32m16:41:00.894?[0;39m ?[34mDEBUG?[0;39m ?[31m[Test worker]?[0;39m ?[33mo.s.s.c.a.a.c.AuthenticationConfiguration$DefaultPasswordEncoderAuthenticationManagerBuilder:234?[0;39m-No authenticationProviders and no parentAuthenticationManager defined. Returning null.
?[32m16:41:01.147?[0;39m ?[34mDEBUG?[0;39m ?[31m[Test worker]?[0;39m ?[33mo.s.s.w.DefaultSecurityFilterChain:72?[0;39m-Will secure any request with filters: DisableEncodeUrlFilter, WebAsyncManagerIntegrationFilter, SecurityContextHolderFilter, HeaderWriterFilter, CorsFilter, LogoutFilter, RequestCacheAwareFilter, SecurityContextHolderAwareRequestFilter, AnonymousAuthenticationFilter, SessionManagementFilter, ExceptionTranslationFilter, AuthorizationFilter
?[32m16:41:01.465?[0;39m ?[34mINFO ?[0;39m ?[31m[Test worker]?[0;39m ?[33mc.e.d.BackendApplicationTests:59?[0;39m-Started BackendApplicationTests in 2.654 seconds (process running for 3.863)
]]></system-out>
  <system-err><![CDATA[Mockito is currently self-attaching to enable the inline-mock-maker. This will no longer work in future releases of the JDK. Please add Mockito as an agent to your build as described in Mockito's documentation: https://javadoc.io/doc/org.mockito/mockito-core/latest/org.mockito/org/mockito/Mockito.html#0.3
WARNING: A Java agent has been loaded dynamically (C:\Users\kosmo\.gradle\caches\modules-2\files-2.1\net.bytebuddy\byte-buddy-agent\1.17.8\f09415827a71be7ed621c7bd02550678f28bc81c\byte-buddy-agent-1.17.8.jar)
WARNING: If a serviceability tool is in use, please run with -XX:+EnableDynamicAgentLoading to hide this warning
WARNING: If a serviceability tool is not in use, please run with -Djdk.instrument.traceUsage for more information
WARNING: Dynamic loading of agents will be disallowed by default in a future release
]]></system-err>
</testsuite>
