<?xml version="1.0" encoding="UTF-8"?>
<testsuite name="com.example.demo.BackendApplicationTests" tests="1" skipped="0" failures="0" errors="0" timestamp="2026-01-13T03:24:37.360Z" hostname="DESKTOP-UQKDOK5" time="0.513">
  <properties/>
  <testcase name="contextLoads()" classname="com.example.demo.BackendApplicationTests" time="0.513"/>
  <system-out><![CDATA[12:24:35.697 [Test worker] INFO org.springframework.test.context.support.AnnotationConfigContextLoaderUtils -- Could not detect default configuration classes for test class [com.example.demo.BackendApplicationTests]: BackendApplicationTests does not declare any static, non-private, non-final, nested classes annotated with @Configuration.
12:24:35.794 [Test worker] INFO org.springframework.boot.test.context.SpringBootTestContextBootstrapper -- Found @SpringBootConfiguration com.example.demo.BackendApplication for test class com.example.demo.BackendApplicationTests

  .   ____          _            __ _ _
 /\\ / ___'_ __ _ _(_)_ __  __ _ \ \ \ \
( ( )\___ | '_ | '_| | '_ \/ _` | \ \ \ \
 \\/  ___)| |_)| | | | | || (_| |  ) ) ) )
  '  |____| .__|_| |_|_| |_\__, | / / / /
 =========|_|==============|___/=/_/_/_/

 :: Spring Boot ::                (v3.5.9)

2026-01-13T12:24:36.205+09:00  INFO 2228 --- [    Test worker] c.example.demo.BackendApplicationTests   : Starting BackendApplicationTests using Java 21.0.9 with PID 2228 (started by kosmo in D:\makcoding\08Spring-Security\OAuth-Login\login-step1\backend)
2026-01-13T12:24:36.206+09:00  INFO 2228 --- [    Test worker] c.example.demo.BackendApplicationTests   : No active profile set, falling back to 1 default profile: "default"
2026-01-13T12:24:37.346+09:00  INFO 2228 --- [    Test worker] c.example.demo.BackendApplicationTests   : Started BackendApplicationTests in 1.406 seconds (process running for 2.426)
]]></system-out>
  <system-err><![CDATA[Mockito is currently self-attaching to enable the inline-mock-maker. This will no longer work in future releases of the JDK. Please add Mockito as an agent to your build as described in Mockito's documentation: https://javadoc.io/doc/org.mockito/mockito-core/latest/org.mockito/org/mockito/Mockito.html#0.3
WARNING: A Java agent has been loaded dynamically (C:\Users\kosmo\.gradle\caches\modules-2\files-2.1\net.bytebuddy\byte-buddy-agent\1.17.8\f09415827a71be7ed621c7bd02550678f28bc81c\byte-buddy-agent-1.17.8.jar)
WARNING: If a serviceability tool is in use, please run with -XX:+EnableDynamicAgentLoading to hide this warning
WARNING: If a serviceability tool is not in use, please run with -Djdk.instrument.traceUsage for more information
WARNING: Dynamic loading of agents will be disallowed by default in a future release
]]></system-err>
</testsuite>
